-------------------------------------------------------------------------------
Test set: TestSuite
-------------------------------------------------------------------------------
Tests run: 34, Failures: 4, Errors: 0, Skipped: 30, Time elapsed: 0.628 sec <<< FAILURE! - in TestSuite
setUp(com.crm.qa.testcases.ContactPageTest)  Time elapsed: 0.408 sec  <<< FAILURE!
java.lang.NoClassDefFoundError: org/openqa/selenium/remote/RemoteWebDriver
	at java.net.URLClassLoader.findClass(URLClassLoader.java:381)
	at java.lang.ClassLoader.loadClass(ClassLoader.java:424)
	at sun.misc.Launcher$AppClassLoader.loadClass(Launcher.java:331)
	at java.lang.ClassLoader.loadClass(ClassLoader.java:357)
	at java.lang.ClassLoader.defineClass1(Native Method)
	at java.lang.ClassLoader.defineClass(ClassLoader.java:763)
	at java.security.SecureClassLoader.defineClass(SecureClassLoader.java:142)
	at java.net.URLClassLoader.defineClass(URLClassLoader.java:467)
	at java.net.URLClassLoader.access$100(URLClassLoader.java:73)
	at java.net.URLClassLoader$1.run(URLClassLoader.java:368)
	at java.net.URLClassLoader$1.run(URLClassLoader.java:362)
	at java.security.AccessController.doPrivileged(Native Method)
	at java.net.URLClassLoader.findClass(URLClassLoader.java:361)
	at java.lang.ClassLoader.loadClass(ClassLoader.java:424)
	at sun.misc.Launcher$AppClassLoader.loadClass(Launcher.java:331)
	at java.lang.ClassLoader.loadClass(ClassLoader.java:357)
	at com.crm.qa.base.TestBase.initialize(TestBase.java:58)
	at com.crm.qa.testcases.ContactPageTest.setUp(ContactPageTest.java:33)

setUp(com.crm.qa.testcases.LoginPageTest)  Time elapsed: 0.004 sec  <<< FAILURE!
java.lang.NoClassDefFoundError: org/openqa/selenium/chrome/ChromeDriver
	at com.crm.qa.base.TestBase.initialize(TestBase.java:58)
	at com.crm.qa.testcases.LoginPageTest.setUp(LoginPageTest.java:31)

setUp(com.crm.qa.testcases.CalenderPageTest)  Time elapsed: 0.002 sec  <<< FAILURE!
java.lang.NoClassDefFoundError: org/openqa/selenium/chrome/ChromeDriver
	at com.crm.qa.base.TestBase.initialize(TestBase.java:58)
	at com.crm.qa.testcases.CalenderPageTest.setUp(CalenderPageTest.java:40)

setUp(com.crm.qa.testcases.HomePageTest)  Time elapsed: 0.025 sec  <<< FAILURE!
java.lang.NoClassDefFoundError: org/openqa/selenium/chrome/ChromeDriver
	at com.crm.qa.base.TestBase.initialize(TestBase.java:58)
	at com.crm.qa.testcases.HomePageTest.setUp(HomePageTest.java:42)

